<?xml version="1.0" encoding="UTF-8"?>
<testng-results ignored="0" total="1" passed="1" failed="0" skipped="0">
  <reporter-output>
  </reporter-output>
  <suite started-at="2022-01-05T09:46:13 PST" name="Default suite" finished-at="2022-01-05T09:46:17 PST" duration-ms="4421">
    <groups>
    </groups>
    <test started-at="2022-01-05T09:46:13 PST" name="Default test" finished-at="2022-01-05T09:46:17 PST" duration-ms="4421">
      <class name="demo.Test1">
        <test-method is-config="true" signature="setUp()[pri:0, instance:demo.Test1@4fb3ee4e]" started-at="2022-01-05T09:46:13 PST" name="setUp" finished-at="2022-01-05T09:46:14 PST" duration-ms="1084" status="PASS">
          <reporter-output>
          </reporter-output>
        </test-method> <!-- setUp -->
        <test-method signature="testUntitledTestCase()[pri:0, instance:demo.Test1@4fb3ee4e]" started-at="2022-01-05T09:46:14 PST" name="testUntitledTestCase" finished-at="2022-01-05T09:46:17 PST" duration-ms="3136" status="PASS">
          <reporter-output>
          </reporter-output>
        </test-method> <!-- testUntitledTestCase -->
        <test-method is-config="true" signature="tearDown()[pri:0, instance:demo.Test1@4fb3ee4e]" started-at="2022-01-05T09:46:17 PST" name="tearDown" finished-at="2022-01-05T09:46:17 PST" duration-ms="172" status="PASS">
          <reporter-output>
          </reporter-output>
        </test-method> <!-- tearDown -->
      </class> <!-- demo.Test1 -->
    </test> <!-- Default test -->
  </suite> <!-- Default suite -->
</testng-results>
